<?xml version="1.0" encoding="UTF-8"?>
<testng-results skipped="0" failed="0" ignored="0" total="1" passed="1">
  <reporter-output>
  </reporter-output>
  <suite name="Surefire suite" duration-ms="1743" started-at="2023-02-25T16:19:39 EST" finished-at="2023-02-25T16:19:41 EST">
    <groups>
      <group name="cucumber">
        <method signature="AbstractTestNGCucumberTests.runScenario(io.cucumber.testng.PickleWrapper,io.cucumber.testng.FeatureWrapper)[pri:0, instance:runner.Runner@58a9760d]" name="runScenario" class="io.cucumber.testng.AbstractTestNGCucumberTests"/>
      </group> <!-- cucumber -->
    </groups>
    <test name="Surefire test" duration-ms="1743" started-at="2023-02-25T16:19:39 EST" finished-at="2023-02-25T16:19:41 EST">
      <class name="runner.Runner">
        <test-method status="PASS" signature="setupSuite()[pri:0, instance:runner.Runner@58a9760d]" name="setupSuite" is-config="true" duration-ms="4" started-at="2023-02-25T16:19:39 EST" finished-at="2023-02-25T16:19:39 EST">
          <reporter-output>
          </reporter-output>
        </test-method> <!-- setupSuite -->
        <test-method status="PASS" signature="setUpClass()[pri:0, instance:runner.Runner@58a9760d]" name="setUpClass" is-config="true" duration-ms="367" started-at="2023-02-25T16:19:39 EST" finished-at="2023-02-25T16:19:40 EST">
          <reporter-output>
          </reporter-output>
        </test-method> <!-- setUpClass -->
        <test-method status="PASS" signature="setupClass()[pri:0, instance:runner.Runner@58a9760d]" name="setupClass" is-config="true" duration-ms="10" started-at="2023-02-25T16:19:40 EST" finished-at="2023-02-25T16:19:40 EST">
          <reporter-output>
          </reporter-output>
        </test-method> <!-- setupClass -->
        <test-method status="PASS" signature="runScenario(io.cucumber.testng.PickleWrapper,io.cucumber.testng.FeatureWrapper)[pri:0, instance:runner.Runner@58a9760d]" name="runScenario" duration-ms="1263" started-at="2023-02-25T16:19:40 EST" description="Runs Cucumber Scenarios" data-provider="scenarios" finished-at="2023-02-25T16:19:41 EST">
          <params>
            <param index="0">
              <value>
                <![CDATA["Validate the minimum salary"]]>
              </value>
            </param>
            <param index="1">
              <value>
                <![CDATA["Optional[Validate database connection]"]]>
              </value>
            </param>
          </params>
          <reporter-output>
          </reporter-output>
        </test-method> <!-- runScenario -->
        <test-method status="PASS" signature="tearDown()[pri:0, instance:runner.Runner@58a9760d]" name="tearDown" is-config="true" duration-ms="31" started-at="2023-02-25T16:19:41 EST" finished-at="2023-02-25T16:19:41 EST">
          <reporter-output>
          </reporter-output>
        </test-method> <!-- tearDown -->
        <test-method status="PASS" signature="tearDownClass()[pri:0, instance:runner.Runner@58a9760d]" name="tearDownClass" is-config="true" duration-ms="52" started-at="2023-02-25T16:19:41 EST" finished-at="2023-02-25T16:19:41 EST">
          <reporter-output>
          </reporter-output>
        </test-method> <!-- tearDownClass -->
        <test-method status="PASS" signature="cleanUp()[pri:0, instance:runner.Runner@58a9760d]" name="cleanUp" is-config="true" duration-ms="683" started-at="2023-02-25T16:19:41 EST" finished-at="2023-02-25T16:19:42 EST">
          <reporter-output>
          </reporter-output>
        </test-method> <!-- cleanUp -->
      </class> <!-- runner.Runner -->
    </test> <!-- Surefire test -->
  </suite> <!-- Surefire suite -->
</testng-results>
